android/build/intermediates/manifest_merge_blame_file/debug/manifest-merger-blame-debug-report.txt
1<?xml version="1.0" encoding="utf-8"?>
2<manifest xmlns:android="http://schemas.android.com/apk/res/android"
3    package="com.pawelsznuradev.obstacleavoid"
4    android:versionCode="1"
5    android:versionName="1.0" >
6
7    <uses-sdk
8        android:minSdkVersion="14"
8-->obstacle-avoid-kt\android\AndroidManifest.xml
9        android:targetSdkVersion="29" />
9-->obstacle-avoid-kt\android\AndroidManifest.xml
10
11    <application
11-->obstacle-avoid-kt\android\AndroidManifest.xml:5:5-12:19
12        android:allowBackup="true"
12-->obstacle-avoid-kt\android\AndroidManifest.xml:6:9-35
13        android:appCategory="game"
13-->obstacle-avoid-kt\android\AndroidManifest.xml:9:9-35
14        android:debuggable="true"
15        android:icon="@drawable/ic_launcher"
15-->obstacle-avoid-kt\android\AndroidManifest.xml:7:9-45
16        android:isGame="true"
16-->obstacle-avoid-kt\android\AndroidManifest.xml:8:9-30
17        android:label="@string/app_name"
17-->obstacle-avoid-kt\android\AndroidManifest.xml:10:9-41
18        android:theme="@style/GdxTheme" >
18-->obstacle-avoid-kt\android\AndroidManifest.xml:11:9-40
19    </application>
20
21</manifest>